StudentPoints/SamplePHPAPIProject1/app/build/outputs/logs/manifest-merger-debug-report.txt
-- Merging decision tree log ---
manifest
ADDED from src/main/AndroidManifest.xml:2:1-53:12
	xmlns:android
		ADDED from src/main/AndroidManifest.xml:2:11-69
	package
		ADDED from src/main/AndroidManifest.xml:3:5-36
		INJECTED from src/main/AndroidManifest.xml
		INJECTED from src/main/AndroidManifest.xml
	android:versionName
		ADDED from src/main/AndroidManifest.xml:5:5-30
	android:versionCode
		ADDED from src/main/AndroidManifest.xml:4:5-28
		INJECTED from src/main/AndroidManifest.xml
		INJECTED from src/main/AndroidManifest.xml
uses-permission#android.permission.INTERNET
ADDED from src/main/AndroidManifest.xml:8:5-67
	android:name
		ADDED from src/main/AndroidManifest.xml:8:22-64
uses-permission#android.permission.CAMERA
ADDED from src/main/AndroidManifest.xml:9:5-65
	android:name
		ADDED from src/main/AndroidManifest.xml:9:22-62
uses-feature#android.hardware.camera
ADDED from src/main/AndroidManifest.xml:10:5-60
	android:name
		ADDED from src/main/AndroidManifest.xml:10:19-57
application
ADDED from src/main/AndroidManifest.xml:16:5-51:19
MERGED from [com.android.support:appcompat-v7:19.1.0] AndroidManifest.xml:19:5-20
MERGED from [com.android.support:support-v4:21.0.3] AndroidManifest.xml:16:5-19
MERGED from [me.dm7.barcodescanner:zbar:1.8.2] AndroidManifest.xml:11:5-20
MERGED from [me.dm7.barcodescanner:core:1.8.2] AndroidManifest.xml:11:5-20
MERGED from [com.android.support:support-v4:21.0.3] AndroidManifest.xml:16:5-19
	android:allowBackup
		ADDED from src/main/AndroidManifest.xml:18:9-35
	android:icon
		ADDED from src/main/AndroidManifest.xml:19:9-38
	android:theme
		ADDED from src/main/AndroidManifest.xml:20:9-40
	android:name
		ADDED from src/main/AndroidManifest.xml:17:9-59
activity#com.StudentPoints.sap.LoginActivity
ADDED from src/main/AndroidManifest.xml:21:9-29:20
	android:label
		ADDED from src/main/AndroidManifest.xml:23:13-33
	android:name
		ADDED from src/main/AndroidManifest.xml:22:13-63
intent-filter#android.intent.action.MAIN+android.intent.category.LAUNCHER
ADDED from src/main/AndroidManifest.xml:24:13-28:29
action#android.intent.action.MAIN
ADDED from src/main/AndroidManifest.xml:25:17-68
	android:name
		ADDED from src/main/AndroidManifest.xml:25:25-66
category#android.intent.category.LAUNCHER
ADDED from src/main/AndroidManifest.xml:27:17-76
	android:name
		ADDED from src/main/AndroidManifest.xml:27:27-74
activity#com.StudentPoints.sap.RegisterActivity
ADDED from src/main/AndroidManifest.xml:30:9-33:20
	android:label
		ADDED from src/main/AndroidManifest.xml:32:13-37
	android:name
		ADDED from src/main/AndroidManifest.xml:31:13-66
activity#com.StudentPoints.sap.MainActivity
ADDED from src/main/AndroidManifest.xml:34:9-37:20
	android:label
		ADDED from src/main/AndroidManifest.xml:36:13-29
	android:name
		ADDED from src/main/AndroidManifest.xml:35:13-62
activity#com.StudentPoints.sap.Attend
ADDED from src/main/AndroidManifest.xml:38:9-41:20
	android:label
		ADDED from src/main/AndroidManifest.xml:40:13-35
	android:name
		ADDED from src/main/AndroidManifest.xml:39:13-56
activity#com.StudentPoints.sap.BarcodeScanner
ADDED from src/main/AndroidManifest.xml:42:9-45:20
	android:label
		ADDED from src/main/AndroidManifest.xml:44:13-36
	android:name
		ADDED from src/main/AndroidManifest.xml:43:13-64
activity#com.StudentPoints.sap.Leaderboard
ADDED from src/main/AndroidManifest.xml:46:9-49:20
	android:label
		ADDED from src/main/AndroidManifest.xml:48:13-36
	android:name
		ADDED from src/main/AndroidManifest.xml:47:13-61
uses-sdk
INJECTED from src/main/AndroidManifest.xml reason: use-sdk injection requested
MERGED from [com.android.support:appcompat-v7:19.1.0] AndroidManifest.xml:18:5-42
MERGED from [com.android.support:support-v4:21.0.3] AndroidManifest.xml:15:5-42
MERGED from [me.dm7.barcodescanner:zbar:1.8.2] AndroidManifest.xml:7:5-9:41
MERGED from [me.dm7.barcodescanner:core:1.8.2] AndroidManifest.xml:7:5-9:41
MERGED from [com.android.support:support-v4:21.0.3] AndroidManifest.xml:15:5-42
	android:targetSdkVersion
		INJECTED from src/main/AndroidManifest.xml
		INJECTED from src/main/AndroidManifest.xml
	android:minSdkVersion
		INJECTED from src/main/AndroidManifest.xml
		INJECTED from src/main/AndroidManifest.xml